[debug] [2023-10-26T07:16:06.688Z] ----------------------------------------------------------------------
[debug] [2023-10-26T07:16:06.690Z] Command:       C:\Users\THUCPH~1\DOWNLO~1\firebase-tools-instant-win (1).exe C:\Users\Thuc Phan\.cache\firebase\tools\lib\node_modules\firebase-tools\lib\bin\firebase deploy
[debug] [2023-10-26T07:16:06.690Z] CLI Version:   12.7.0
[debug] [2023-10-26T07:16:06.690Z] Platform:      win32
[debug] [2023-10-26T07:16:06.691Z] Node Version:  v16.16.0
[debug] [2023-10-26T07:16:06.691Z] Time:          Thu Oct 26 2023 00:16:06 GMT-0700 (Pacific Daylight Time)
[debug] [2023-10-26T07:16:06.692Z] ----------------------------------------------------------------------
[debug] 
[debug] [2023-10-26T07:16:06.762Z] > command requires scopes: ["email","openid","https://www.googleapis.com/auth/cloudplatformprojects.readonly","https://www.googleapis.com/auth/firebase","https://www.googleapis.com/auth/cloud-platform"]
[debug] [2023-10-26T07:16:06.762Z] > authorizing via signed-in user (thucphan1996@gmail.com)
[debug] [2023-10-26T07:16:06.763Z] [iam] checking project thucphan-personal-website for permissions ["firebase.projects.get","firebasehosting.sites.update"]
[debug] [2023-10-26T07:16:06.765Z] >>> [apiv2][query] POST https://cloudresourcemanager.googleapis.com/v1/projects/thucphan-personal-website:testIamPermissions [none]
[debug] [2023-10-26T07:16:06.765Z] >>> [apiv2][(partial)header] POST https://cloudresourcemanager.googleapis.com/v1/projects/thucphan-personal-website:testIamPermissions x-goog-quota-user=projects/thucphan-personal-website
[debug] [2023-10-26T07:16:06.765Z] >>> [apiv2][body] POST https://cloudresourcemanager.googleapis.com/v1/projects/thucphan-personal-website:testIamPermissions {"permissions":["firebase.projects.get","firebasehosting.sites.update"]}
[debug] [2023-10-26T07:16:07.046Z] <<< [apiv2][status] POST https://cloudresourcemanager.googleapis.com/v1/projects/thucphan-personal-website:testIamPermissions 200
[debug] [2023-10-26T07:16:07.046Z] <<< [apiv2][body] POST https://cloudresourcemanager.googleapis.com/v1/projects/thucphan-personal-website:testIamPermissions {"permissions":["firebase.projects.get","firebasehosting.sites.update"]}
[debug] [2023-10-26T07:16:07.047Z] >>> [apiv2][query] GET https://firebase.googleapis.com/v1beta1/projects/thucphan-personal-website [none]
[debug] [2023-10-26T07:16:07.369Z] <<< [apiv2][status] GET https://firebase.googleapis.com/v1beta1/projects/thucphan-personal-website 200
[debug] [2023-10-26T07:16:07.370Z] <<< [apiv2][body] GET https://firebase.googleapis.com/v1beta1/projects/thucphan-personal-website {"projectId":"thucphan-personal-website","projectNumber":"752769519590","displayName":"thucphan-personal-website","name":"projects/thucphan-personal-website","resources":{"hostingSite":"thucphan-personal-website"},"state":"ACTIVE","etag":"1_dd02099b-c7d4-4eec-9eb6-1ece0c989b86"}
[info] 
[info] === Deploying to 'thucphan-personal-website'...
[info] 
[info] i  deploying hosting 
[debug] [2023-10-26T07:16:07.376Z] >>> [apiv2][query] POST https://firebasehosting.googleapis.com/v1beta1/projects/-/sites/thucphan-personal-website/versions [none]
[debug] [2023-10-26T07:16:07.376Z] >>> [apiv2][body] POST https://firebasehosting.googleapis.com/v1beta1/projects/-/sites/thucphan-personal-website/versions {"status":"CREATED","labels":{"deployment-tool":"cli-firebase"}}
[debug] [2023-10-26T07:16:08.281Z] <<< [apiv2][status] POST https://firebasehosting.googleapis.com/v1beta1/projects/-/sites/thucphan-personal-website/versions 200
[debug] [2023-10-26T07:16:08.281Z] <<< [apiv2][body] POST https://firebasehosting.googleapis.com/v1beta1/projects/-/sites/thucphan-personal-website/versions {"name":"projects/752769519590/sites/thucphan-personal-website/versions/0748fd934ed1a0a2","status":"CREATED","config":{},"labels":{"deployment-tool":"cli-firebase"}}
[info] i  hosting[thucphan-personal-website]: beginning deploy... 
[info] i  hosting[thucphan-personal-website]: found 24 files in build 
[debug] [2023-10-26T07:16:08.294Z] [hosting] uploading with 200 concurrency
[debug] [2023-10-26T07:16:08.515Z] [hosting] hash cache [YnVpbGQ] stored for 24 files
[debug] [2023-10-26T07:16:08.515Z] [hosting][hash queue][FINAL] {"max":214,"min":4,"avg":40.25000000000001,"active":0,"complete":24,"success":24,"errored":0,"retried":0,"total":24,"elapsed":219}
[debug] [2023-10-26T07:16:08.516Z] >>> [apiv2][query] POST https://firebasehosting.googleapis.com/v1beta1/projects/752769519590/sites/thucphan-personal-website/versions/0748fd934ed1a0a2:populateFiles [none]
[debug] [2023-10-26T07:16:08.516Z] >>> [apiv2][body] POST https://firebasehosting.googleapis.com/v1beta1/projects/752769519590/sites/thucphan-personal-website/versions/0748fd934ed1a0a2:populateFiles {"files":{"/favicon.ico":"eae62e993eb980ec8a25058c39d5a51feab118bd2100c4deebb2a9c158ec11f9","/logo192.png":"3ee59515172ee198f3be375979df15ac5345183e656720a381b8872b2a39dc8b","/logo512.png":"ee7e2f3fdb8209c4b6fd7bef6ba50d1b9dba30a25bb5c3126df057e1cb6f5331","/manifest.json":"5c997de1364b8be939319fa9209abd77f2caf7f8844999a9e2e9173f844e7840","/robots.txt":"b2090cf9761ef60aa06e4fab97679bd43dfa5e5df073701ead5879d7c68f1ec5","/thuc_phan-logo.ico":"d217fd25c84b51fbcd8da308551ed44d738ff52a8350cc49e4768c2ee4ae9109","/asset-manifest.json":"739261e4a455d51dab643b44d81a5e977376d9413370725a5ef5f26a4b0d542d","/static/css/main.549d2334.chunk.css.map":"bc7dde4e82f1fff3a0628173baf4a3ae41a16480f2e76426129b1513bd3c4a38","/static/js/2.aeaafe37.chunk.js.LICENSE.txt":"a174f5c2c40c7227a75c8eeb0325ffac95dd0307b64acef86b636ba76b25db99","/static/css/main.549d2334.chunk.css":"65732e1c07371e55e1d1abb5883a86e39a15a59b1a41cb4fb6d6ee23f9d80666","/static/js/3.1cc48507.chunk.js":"447bb096da96e4b0da055445796aa3dd76ec71a38e9c7266288ac4dcc3d99b69","/static/js/3.1cc48507.chunk.js.map":"0d17c06fe5e0465aae755b504c1a74e83e8120d0566f2854b53956b7deca1683","/static/js/main.f3eddd91.chunk.js":"93744221e39299a0a79c0233ecc6e5a8ead6fef0ef6e4ea085fec87c1b38c3db","/static/js/main.f3eddd91.chunk.js.map":"75d0f8bea65d72aee35f18c8344b55f0fa6d18f68adf86bbfa775efb6bf0f7af","/static/js/runtime-main.3395d735.js":"d72752f9fd8acf9b54497f1507905109753b9f2652f7342689b009f101f90492","/static/js/runtime-main.3395d735.js.map":"d9445e2009b5035c72fc80cf230c7a2324d7f89875d38f5d2bac7f3b7504f74b","/index.html":"52fa9c8090211fa0f8f4902414277ff4045b60d39705841d751344570eeb69ba","/static/media/SvBasicManual-Bold.f89a601d.woff":"3217cd233a54d6a32eb34d8f80b34fccb6c9409e0eabaeca3fb933b22b1aeb55","/static/media/thucphan-logo.6fdd9f2d.svg":"ac6c50da3a5395ba19d463b64020b24b06b2630ea48aa06ae683dbdf50d6d988","/static/media/SvBasicManual.94f4609a.woff":"c74be7c88a4779b3bcaa126369bb8a685618bea0c5018a9fd27efc9cf68b0bd1","/static/media/Powerr-Bold.93e7984e.woff":"cbb9c672b939b6f65e62ec2006f8646125671c940a74ae1cc699d23ba97eb63a","/static/media/Thuc_Phan_Resume.42eaca61.pdf":"25c11b5772d05429d77cfe3fe6fe4ec9b8458c8161da3816dc8c2c278456e58a","/static/js/2.aeaafe37.chunk.js":"a73c6f06edeb0d3d11f6029dbd36b567bd311b06cf7f2c738604c4f761d1dfae","/static/js/2.aeaafe37.chunk.js.map":"64fec6f68a5d455a1f28d42db887728a54680862c755baa9228856405c80a246"}}
